2026-05-21 08:40:49  INFO      gdelt_parser  |  ============================================================
2026-05-21 08:40:49  INFO      gdelt_parser  |  STEP 3 — GDELT Parser
2026-05-21 08:40:49  INFO      gdelt_parser  |  ============================================================
2026-05-21 08:40:50  INFO      gdelt_parser  |    Loaded GDELT: 1,194 rows | columns: ['query', 'title', 'source', 'domain', 'seendate', 'url', 'language', 'socialimage', 'tone', 'sourcecountry', 'theme']
2026-05-21 08:40:50  INFO      gdelt_parser  |    GDELT parsed: 245 port-day rows | unique dates=35 | port coverage={'Antwerp': 35, 'Busan': 35, 'Hamburg': 35, 'Nhava Sheva': 35, 'Rotterdam': 35, 'Shanghai': 35, 'Singapore': 35}
2026-05-21 08:40:50  INFO      gdelt_parser  |    Saved → E:\TwinMesh\data/processed\gdelt_parsed.csv
2026-05-21 08:40:50  INFO      gdelt_parser  |    Singapore: disruption days=35/2685
2026-05-21 08:40:50  INFO      gdelt_parser  |    Rotterdam: disruption days=35/2685
2026-05-21 08:40:50  INFO      gdelt_parser  |    Shanghai: disruption days=35/2685
2026-05-21 08:40:50  INFO      gdelt_parser  |    Nhava Sheva: disruption days=35/2685
2026-05-21 08:40:50  INFO      gdelt_parser  |    Busan: disruption days=35/2685
2026-05-21 08:40:50  INFO      gdelt_parser  |    Hamburg: disruption days=35/2685
2026-05-21 08:40:50  INFO      gdelt_parser  |    Antwerp: disruption days=35/2685
2026-05-21 08:40:50  INFO      gdelt_parser  |  
── GDELT Validation (Pearson correlation with congestion) ──
2026-05-21 08:40:50  INFO      gdelt_parser  |    Singapore: r=0.019 (p=0.5175)
2026-05-21 08:40:50  INFO      gdelt_parser  |    Rotterdam: r=-0.033 (p=0.2423)
2026-05-21 08:40:50  INFO      gdelt_parser  |    Shanghai: r=-0.017 (p=0.5495)
2026-05-21 08:40:50  INFO      gdelt_parser  |    Nhava Sheva: r=-0.016 (p=0.5822)
2026-05-21 08:40:50  INFO      gdelt_parser  |    Busan: r=0.020 (p=0.4742)
2026-05-21 08:40:50  INFO      gdelt_parser  |    Hamburg: r=-0.023 (p=0.4285)
2026-05-21 08:40:50  INFO      gdelt_parser  |    Antwerp: r=0.074 (p=0.0100)
2026-05-21 08:40:50  INFO      gdelt_parser  |  
  Ports with r > 0.4: 0/7
2026-05-21 08:40:50  INFO      gdelt_parser  |    Ports with r < 0.3: 7/7
2026-05-21 08:40:50  WARNING   gdelt_parser  |    ⚠️  DECISION: REMOVE GDELT — correlation too weak
2026-05-21 08:40:50  WARNING   gdelt_parser  |       2 strong sources > 3 weak ones. Drop from paper.
2026-05-21 08:40:50  INFO      gdelt_parser  |  
✅ STEP 3 COMPLETE — GDELT parsed and merged
