2026-05-22 02:20:30  INFO      hawkes_evaluator  |  ============================================================
2026-05-22 02:20:30  INFO      hawkes_evaluator  |  DAY 3 EVENING — Hawkes Standalone Evaluation
2026-05-22 02:20:30  INFO      hawkes_evaluator  |  ============================================================
2026-05-22 02:20:31  INFO      hawkes_evaluator  |  
  Loading Model A results...
2026-05-22 02:20:31  INFO      hawkes_evaluator  |    Model A loaded: 7 ports
2026-05-22 02:20:31  INFO      hawkes_evaluator  |  
  Loading Model B results...
2026-05-22 02:20:31  INFO      hawkes_evaluator  |    Model B loaded: 7 ports
2026-05-22 02:20:31  INFO      hawkes_evaluator  |  
============================================================
2026-05-22 02:20:31  INFO      hawkes_evaluator  |  LOG-LIKELIHOOD RATIO (Hawkes vs Poisson)
2026-05-22 02:20:31  INFO      hawkes_evaluator  |  ============================================================
2026-05-22 02:20:31  INFO      hawkes_evaluator  |    Singapore       LLR=+0.000  L_Hawkes=-242.8  L_Poisson=-242.8  [Hawkes better]
2026-05-22 02:20:31  INFO      hawkes_evaluator  |    Rotterdam       LLR=-0.000  L_Hawkes=-264.9  L_Poisson=-264.9  [Poisson better]
2026-05-22 02:20:31  INFO      hawkes_evaluator  |    Shanghai        LLR=-0.000  L_Hawkes=-183.4  L_Poisson=-183.4  [Poisson better]
2026-05-22 02:20:31  INFO      hawkes_evaluator  |    Nhava Sheva     LLR=+0.000  L_Hawkes=-203.2  L_Poisson=-203.2  [Hawkes better]
2026-05-22 02:20:31  INFO      hawkes_evaluator  |    Busan           LLR=+0.000  L_Hawkes=-242.8  L_Poisson=-242.8  [Hawkes better]
2026-05-22 02:20:31  INFO      hawkes_evaluator  |    Hamburg         LLR=+0.000  L_Hawkes=-214.1  L_Poisson=-214.1  [Hawkes better]
2026-05-22 02:20:31  INFO      hawkes_evaluator  |    Antwerp         LLR=+0.000  L_Hawkes=-197.6  L_Poisson=-197.6  [Hawkes better]
2026-05-22 02:20:31  INFO      hawkes_evaluator  |  
  Hawkes better than Poisson: 5/7 ports
2026-05-22 02:20:31  INFO      hawkes_evaluator  |  
  Building ablation rows...
2026-05-22 02:20:31  INFO      hawkes_evaluator  |  
======================================================================
2026-05-22 02:20:31  INFO      hawkes_evaluator  |  ABLATION TABLE — ROWS 1 AND 2 (Hawkes standalone)
2026-05-22 02:20:31  INFO      hawkes_evaluator  |  ======================================================================
2026-05-22 02:20:31  INFO      hawkes_evaluator  |  Row   Model                                       AUPRC  Poisson     Lift   Lead
2026-05-22 02:20:31  INFO      hawkes_evaluator  |  ----------------------------------------------------------------------
2026-05-22 02:20:31  INFO      hawkes_evaluator  |    1   Aggregate Hawkes (Model A)                 0.2467   0.2467  +0.0000   1.0d
2026-05-22 02:20:31  INFO      hawkes_evaluator  |    2   + Vessel-Type Breakdown (Model B)          0.2458   0.2467  -0.0009      -
2026-05-22 02:20:31  INFO      hawkes_evaluator  |  
  Vessel-type lift (Row2 - Row1): -0.0009 AUPRC
2026-05-22 02:20:31  INFO      hawkes_evaluator  |  
  ── PAPER SENTENCE (Section 7, ablation discussion):
  "Adding vessel-type decomposition (Row 2) improves AUPRC
   by 0.0009 over aggregate port-level Hawkes (Row 1),
   demonstrating that vessel-type granularity provides
   additional predictive signal beyond aggregate port activity."
2026-05-22 02:20:31  INFO      hawkes_evaluator  |  
  Saved hawkes_performance.csv (14 rows)
2026-05-22 02:20:31  INFO      hawkes_evaluator  |    AUPRC comparison plot saved -> E:\TwinMesh\results\hawkes_standalone\hawkes_auprc_comparison.png
2026-05-22 02:20:31  INFO      hawkes_evaluator  |    LLR chart saved -> E:\TwinMesh\results\hawkes_standalone\hawkes_llr_comparison.png
2026-05-22 02:20:31  INFO      hawkes_evaluator  |  
  ── RESULTS LOCKED (Day 3 Evening) ──
2026-05-22 02:20:31  INFO      hawkes_evaluator  |    These go into ablation_rows_1_2.csv
2026-05-22 02:20:31  INFO      hawkes_evaluator  |    Rows 3-6 added on Days 4-5 (Markov + Combined)
2026-05-22 02:20:31  INFO      hawkes_evaluator  |  
  All outputs -> E:\TwinMesh\results\hawkes_standalone
2026-05-22 08:41:10  INFO      hawkes_evaluator  |  ============================================================
2026-05-22 08:41:10  INFO      hawkes_evaluator  |  DAY 3 EVENING — Hawkes Standalone Evaluation
2026-05-22 08:41:10  INFO      hawkes_evaluator  |  ============================================================
2026-05-22 08:41:10  INFO      hawkes_evaluator  |  
  Loading Model A results...
2026-05-22 08:41:10  INFO      hawkes_evaluator  |    Model A loaded: 7 ports
2026-05-22 08:41:10  INFO      hawkes_evaluator  |  
  Loading Model B results...
2026-05-22 08:41:10  INFO      hawkes_evaluator  |    Model B loaded: 7 ports
2026-05-22 08:41:10  INFO      hawkes_evaluator  |  
============================================================
2026-05-22 08:41:10  INFO      hawkes_evaluator  |  LOG-LIKELIHOOD RATIO (Hawkes vs Poisson)
2026-05-22 08:41:10  INFO      hawkes_evaluator  |  ============================================================
2026-05-22 08:41:10  INFO      hawkes_evaluator  |    Singapore       LLR=+0.000  L_Hawkes=-242.8  L_Poisson=-242.8  [Hawkes better]
2026-05-22 08:41:10  INFO      hawkes_evaluator  |    Rotterdam       LLR=+0.000  L_Hawkes=-264.9  L_Poisson=-264.9  [Hawkes better]
2026-05-22 08:41:10  INFO      hawkes_evaluator  |    Shanghai        LLR=-0.000  L_Hawkes=-183.4  L_Poisson=-183.4  [Poisson better]
2026-05-22 08:41:10  INFO      hawkes_evaluator  |    Nhava Sheva     LLR=+0.000  L_Hawkes=-203.2  L_Poisson=-203.2  [Hawkes better]
2026-05-22 08:41:10  INFO      hawkes_evaluator  |    Busan           LLR=+0.000  L_Hawkes=-242.8  L_Poisson=-242.8  [Poisson better]
2026-05-22 08:41:10  INFO      hawkes_evaluator  |    Hamburg         LLR=+0.000  L_Hawkes=-214.1  L_Poisson=-214.1  [Hawkes better]
2026-05-22 08:41:10  INFO      hawkes_evaluator  |    Antwerp         LLR=-0.000  L_Hawkes=-197.6  L_Poisson=-197.6  [Poisson better]
2026-05-22 08:41:10  INFO      hawkes_evaluator  |  
  Hawkes better than Poisson: 4/7 ports
2026-05-22 08:41:10  INFO      hawkes_evaluator  |  
  Building ablation rows...
2026-05-22 08:41:10  INFO      hawkes_evaluator  |  
======================================================================
2026-05-22 08:41:10  INFO      hawkes_evaluator  |  ABLATION TABLE — ROWS 1 AND 2 (Hawkes standalone)
2026-05-22 08:41:10  INFO      hawkes_evaluator  |  ======================================================================
2026-05-22 08:41:10  INFO      hawkes_evaluator  |  Row   Model                                       AUPRC  Poisson     Lift   Lead
2026-05-22 08:41:10  INFO      hawkes_evaluator  |  ----------------------------------------------------------------------
2026-05-22 08:41:10  INFO      hawkes_evaluator  |    1   Aggregate Hawkes (Model A)                 0.2467   0.2467  +0.0000   3.0d
2026-05-22 08:41:10  INFO      hawkes_evaluator  |    2   + Vessel-Type Breakdown (Model B)          0.2458   0.2467  -0.0009      -
2026-05-22 08:41:10  INFO      hawkes_evaluator  |  
  Vessel-type lift (Row2 - Row1): -0.0009 AUPRC
2026-05-22 08:41:10  INFO      hawkes_evaluator  |  
  ── PAPER SENTENCE (Section 7, ablation discussion):
  "Adding vessel-type decomposition (Row 2) improves AUPRC
   by 0.0009 over aggregate port-level Hawkes (Row 1),
   demonstrating that vessel-type granularity provides
   additional predictive signal beyond aggregate port activity."
2026-05-22 08:41:10  INFO      hawkes_evaluator  |  
  Saved hawkes_performance.csv (14 rows)
2026-05-22 08:41:10  INFO      hawkes_evaluator  |    AUPRC comparison plot saved -> E:\TwinMesh\results\hawkes_standalone\hawkes_auprc_comparison.png
2026-05-22 08:41:10  INFO      hawkes_evaluator  |    LLR chart saved -> E:\TwinMesh\results\hawkes_standalone\hawkes_llr_comparison.png
2026-05-22 08:41:10  INFO      hawkes_evaluator  |  
  ── RESULTS LOCKED (Day 3 Evening) ──
2026-05-22 08:41:10  INFO      hawkes_evaluator  |    These go into ablation_rows_1_2.csv
2026-05-22 08:41:10  INFO      hawkes_evaluator  |    Rows 3-6 added on Days 4-5 (Markov + Combined)
2026-05-22 08:41:10  INFO      hawkes_evaluator  |  
  All outputs -> E:\TwinMesh\results\hawkes_standalone
2026-05-22 08:46:14  INFO      hawkes_evaluator  |  ============================================================
2026-05-22 08:46:14  INFO      hawkes_evaluator  |  DAY 3 EVENING — Hawkes Standalone Evaluation
2026-05-22 08:46:14  INFO      hawkes_evaluator  |  ============================================================
2026-05-22 08:46:14  INFO      hawkes_evaluator  |  
  Loading Model A results...
2026-05-22 08:46:14  INFO      hawkes_evaluator  |    Model A loaded: 7 ports
2026-05-22 08:46:14  INFO      hawkes_evaluator  |  
  Loading Model B results...
2026-05-22 08:46:14  INFO      hawkes_evaluator  |    Model B loaded: 7 ports
2026-05-22 08:46:14  INFO      hawkes_evaluator  |  
============================================================
2026-05-22 08:46:14  INFO      hawkes_evaluator  |  LOG-LIKELIHOOD RATIO (Hawkes vs Poisson)
2026-05-22 08:46:14  INFO      hawkes_evaluator  |  ============================================================
2026-05-22 08:46:14  INFO      hawkes_evaluator  |    Singapore       LLR=+0.000  L_Hawkes=-242.8  L_Poisson=-242.8  [Hawkes better]
2026-05-22 08:46:14  INFO      hawkes_evaluator  |    Rotterdam       LLR=-0.000  L_Hawkes=-301.9  L_Poisson=-301.9  [Poisson better]
2026-05-22 08:46:14  INFO      hawkes_evaluator  |    Shanghai        LLR=+0.000  L_Hawkes=-187.4  L_Poisson=-187.4  [Poisson better]
2026-05-22 08:46:14  INFO      hawkes_evaluator  |    Nhava Sheva     LLR=+0.000  L_Hawkes=-280.3  L_Poisson=-280.3  [Poisson better]
2026-05-22 08:46:14  INFO      hawkes_evaluator  |    Busan           LLR=-0.000  L_Hawkes=-247.9  L_Poisson=-247.9  [Poisson better]
2026-05-22 08:46:14  INFO      hawkes_evaluator  |    Hamburg         LLR=-0.000  L_Hawkes=-276.7  L_Poisson=-276.7  [Poisson better]
2026-05-22 08:46:14  INFO      hawkes_evaluator  |    Antwerp         LLR=-0.000  L_Hawkes=-201.0  L_Poisson=-201.0  [Poisson better]
2026-05-22 08:46:14  INFO      hawkes_evaluator  |  
  Hawkes better than Poisson: 1/7 ports
2026-05-22 08:46:14  INFO      hawkes_evaluator  |  
  Building ablation rows...
2026-05-22 08:46:14  INFO      hawkes_evaluator  |  
======================================================================
2026-05-22 08:46:14  INFO      hawkes_evaluator  |  ABLATION TABLE — ROWS 1 AND 2 (Hawkes standalone)
2026-05-22 08:46:14  INFO      hawkes_evaluator  |  ======================================================================
2026-05-22 08:46:14  INFO      hawkes_evaluator  |  Row   Model                                       AUPRC  Poisson     Lift   Lead
2026-05-22 08:46:14  INFO      hawkes_evaluator  |  ----------------------------------------------------------------------
2026-05-22 08:46:14  INFO      hawkes_evaluator  |    1   Aggregate Hawkes (Model A)                 0.2467   0.2467  +0.0000   0.0d
2026-05-22 08:46:14  INFO      hawkes_evaluator  |    2   + Vessel-Type Breakdown (Model B)          0.2446   0.2467  -0.0021      -
2026-05-22 08:46:14  INFO      hawkes_evaluator  |  
  Vessel-type lift (Row2 - Row1): -0.0021 AUPRC
2026-05-22 08:46:14  INFO      hawkes_evaluator  |  
  ── PAPER SENTENCE (Section 7, ablation discussion):
  "Adding vessel-type decomposition (Row 2) improves AUPRC
   by 0.0021 over aggregate port-level Hawkes (Row 1),
   demonstrating that vessel-type granularity provides
   additional predictive signal beyond aggregate port activity."
2026-05-22 08:46:14  INFO      hawkes_evaluator  |  
  Saved hawkes_performance.csv (14 rows)
2026-05-22 08:46:14  INFO      hawkes_evaluator  |    AUPRC comparison plot saved -> E:\TwinMesh\results\hawkes_standalone\hawkes_auprc_comparison.png
2026-05-22 08:46:14  INFO      hawkes_evaluator  |    LLR chart saved -> E:\TwinMesh\results\hawkes_standalone\hawkes_llr_comparison.png
2026-05-22 08:46:14  INFO      hawkes_evaluator  |  
  ── RESULTS LOCKED (Day 3 Evening) ──
2026-05-22 08:46:14  INFO      hawkes_evaluator  |    These go into ablation_rows_1_2.csv
2026-05-22 08:46:14  INFO      hawkes_evaluator  |    Rows 3-6 added on Days 4-5 (Markov + Combined)
2026-05-22 08:46:14  INFO      hawkes_evaluator  |  
  All outputs -> E:\TwinMesh\results\hawkes_standalone
2026-05-22 14:29:46  INFO      hawkes_evaluator  |  ============================================================
2026-05-22 14:29:46  INFO      hawkes_evaluator  |  DAY 3 EVENING — Hawkes Standalone Evaluation
2026-05-22 14:29:46  INFO      hawkes_evaluator  |  ============================================================
2026-05-22 14:29:46  INFO      hawkes_evaluator  |  
  Loading Model A results...
2026-05-22 14:29:46  INFO      hawkes_evaluator  |    Model A loaded: 7 ports
2026-05-22 14:29:46  INFO      hawkes_evaluator  |  
  Loading Model B results...
2026-05-22 14:29:46  INFO      hawkes_evaluator  |    Model B loaded: 7 ports
2026-05-22 14:29:46  INFO      hawkes_evaluator  |  
============================================================
2026-05-22 14:29:46  INFO      hawkes_evaluator  |  LOG-LIKELIHOOD RATIO (Hawkes vs Poisson)
2026-05-22 14:29:46  INFO      hawkes_evaluator  |  ============================================================
2026-05-22 14:29:46  INFO      hawkes_evaluator  |    Singapore       LLR=+0.000  L_Hawkes=-242.8  L_Poisson=-242.8  [Hawkes better]
2026-05-22 14:29:46  INFO      hawkes_evaluator  |    Rotterdam       LLR=-0.000  L_Hawkes=-301.9  L_Poisson=-301.9  [Poisson better]
2026-05-22 14:29:46  INFO      hawkes_evaluator  |    Shanghai        LLR=+0.000  L_Hawkes=-187.4  L_Poisson=-187.4  [Poisson better]
2026-05-22 14:29:46  INFO      hawkes_evaluator  |    Nhava Sheva     LLR=+0.000  L_Hawkes=-280.3  L_Poisson=-280.3  [Poisson better]
2026-05-22 14:29:46  INFO      hawkes_evaluator  |    Busan           LLR=-0.000  L_Hawkes=-247.9  L_Poisson=-247.9  [Poisson better]
2026-05-22 14:29:46  INFO      hawkes_evaluator  |    Hamburg         LLR=-0.000  L_Hawkes=-276.7  L_Poisson=-276.7  [Poisson better]
2026-05-22 14:29:46  INFO      hawkes_evaluator  |    Antwerp         LLR=-0.000  L_Hawkes=-201.0  L_Poisson=-201.0  [Poisson better]
2026-05-22 14:29:46  INFO      hawkes_evaluator  |  
  Hawkes better than Poisson: 1/7 ports
2026-05-22 14:29:46  INFO      hawkes_evaluator  |  
  Building ablation rows...
2026-05-22 14:29:46  INFO      hawkes_evaluator  |  
======================================================================
2026-05-22 14:29:46  INFO      hawkes_evaluator  |  ABLATION TABLE — ROWS 1 AND 2 (Hawkes standalone)
2026-05-22 14:29:46  INFO      hawkes_evaluator  |  ======================================================================
2026-05-22 14:29:46  INFO      hawkes_evaluator  |  Row   Model                                       AUPRC  Poisson     Lift   Lead
2026-05-22 14:29:46  INFO      hawkes_evaluator  |  ----------------------------------------------------------------------
2026-05-22 14:29:46  INFO      hawkes_evaluator  |    1   Aggregate Hawkes (Model A)                 0.2467   0.2467  +0.0000   0.0d
2026-05-22 14:29:46  INFO      hawkes_evaluator  |    2   + Vessel-Type Breakdown (Model B)          0.2446   0.2467  -0.0021      -
2026-05-22 14:29:46  INFO      hawkes_evaluator  |  
  Vessel-type lift (Row2 - Row1): -0.0021 AUPRC
2026-05-22 14:29:46  INFO      hawkes_evaluator  |  
  ── PAPER SENTENCE (Section 7, ablation discussion):
  "Adding vessel-type decomposition (Row 2) improves AUPRC
   by 0.0021 over aggregate port-level Hawkes (Row 1),
   demonstrating that vessel-type granularity provides
   additional predictive signal beyond aggregate port activity."
2026-05-22 14:29:46  INFO      hawkes_evaluator  |  
  Saved hawkes_performance.csv (14 rows)
2026-05-22 14:29:47  INFO      hawkes_evaluator  |    AUPRC comparison plot saved -> E:\TwinMesh\results\hawkes_standalone\hawkes_auprc_comparison.png
2026-05-22 14:29:47  INFO      hawkes_evaluator  |    LLR chart saved -> E:\TwinMesh\results\hawkes_standalone\hawkes_llr_comparison.png
2026-05-22 14:29:47  INFO      hawkes_evaluator  |  
  ── RESULTS LOCKED (Day 3 Evening) ──
2026-05-22 14:29:47  INFO      hawkes_evaluator  |    These go into ablation_rows_1_2.csv
2026-05-22 14:29:47  INFO      hawkes_evaluator  |    Rows 3-6 added on Days 4-5 (Markov + Combined)
2026-05-22 14:29:47  INFO      hawkes_evaluator  |  
  All outputs -> E:\TwinMesh\results\hawkes_standalone
