2026-05-23 15:04:02  INFO      run_day4  |  ============================================================
2026-05-23 15:04:02  INFO      run_day4  |  T W I N M E S H  ·  DAY 4
2026-05-23 15:04:02  INFO      run_day4  |  Markov Standalone Evaluation
2026-05-23 15:04:02  INFO      run_day4  |  ============================================================
2026-05-23 15:04:02  INFO      run_day4  |    Day 1-3 outputs verified
2026-05-23 15:04:02  INFO      run_day4  |  
============================================================
2026-05-23 15:04:02  INFO      run_day4  |  MORNING — Markov Model A: Pure 5-State Chain
2026-05-23 15:04:02  INFO      run_day4  |  ============================================================
2026-05-23 15:04:08  INFO      run_day4  |  
  Morning done in 5.7s
2026-05-23 15:04:08  INFO      run_day4  |  
============================================================
2026-05-23 15:04:08  INFO      run_day4  |  AFTERNOON — Markov Model B: Multi-Source
2026-05-23 15:04:08  INFO      run_day4  |  ============================================================
2026-05-23 22:42:24  INFO      run_day4  |  ============================================================
2026-05-23 22:42:24  INFO      run_day4  |  T W I N M E S H  ·  DAY 4
2026-05-23 22:42:24  INFO      run_day4  |  Markov Standalone Evaluation
2026-05-23 22:42:24  INFO      run_day4  |  ============================================================
2026-05-23 22:42:24  INFO      run_day4  |    Day 1-3 outputs verified
2026-05-23 22:42:24  INFO      run_day4  |  
============================================================
2026-05-23 22:42:24  INFO      run_day4  |  MORNING — Markov Model A: Pure 5-State Chain
2026-05-23 22:42:24  INFO      run_day4  |  ============================================================
2026-05-23 22:42:29  INFO      run_day4  |  
  Morning done in 5.2s
2026-05-23 22:42:29  INFO      run_day4  |  
============================================================
2026-05-23 22:42:29  INFO      run_day4  |  AFTERNOON — Markov Model B: Multi-Source
2026-05-23 22:42:29  INFO      run_day4  |  ============================================================
2026-05-23 22:42:30  INFO      run_day4  |  
  Afternoon done in 0.9s
2026-05-23 22:42:30  INFO      run_day4  |  
============================================================
2026-05-23 22:42:30  INFO      run_day4  |  EVENING — Markov Standalone Evaluation
2026-05-23 22:42:30  INFO      run_day4  |  ============================================================
2026-05-23 22:42:30  INFO      run_day4  |  
  Evening done in 0.4s
2026-05-23 22:42:30  INFO      run_day4  |  
======================================================================
2026-05-23 22:42:30  INFO      run_day4  |  DAY 4 SUMMARY — Ablation Rows 3-5 (for paper Table 1)
2026-05-23 22:42:30  INFO      run_day4  |  ======================================================================
2026-05-23 22:42:30  INFO      run_day4  |  
  Row 3: + Pure Markov
    Accuracy=0.4464  Macro-F1=0.2627  S3-AUPRC=0.3497
2026-05-23 22:42:30  INFO      run_day4  |  
  Row 4: + Portwatch Only
    Accuracy=0.4535  Macro-F1=0.3104  S3-AUPRC=0.4454
2026-05-23 22:42:30  INFO      run_day4  |  
  Row 5: + Portwatch Weather
    Accuracy=0.4550  Macro-F1=0.3115  S3-AUPRC=0.4444
2026-05-23 22:42:30  INFO      run_day4  |  
  Lift (Row 3 → Row 5): +0.0086 accuracy
  Pure Markov: 0.4464  →  Multi-Source: 0.4550
2026-05-23 22:42:30  INFO      run_day4  |  
  NEXT STEP:
  Row 6 (Combined Hawkes + Markov) built on Day 5.
  python run_day5.py
2026-05-23 22:42:30  INFO      run_day4  |  
  Total Day 4 time: 6.5s
2026-05-23 22:42:30  INFO      run_day4  |  
============================================================
2026-05-23 22:42:30  INFO      run_day4  |    DAY 4 COMPLETE
2026-05-23 22:42:30  INFO      run_day4  |    Results locked in: results/markov_standalone/
2026-05-23 22:42:30  INFO      run_day4  |    Ablation rows 3-5: results/markov_standalone/ablation_rows_3_5.csv
2026-05-23 22:42:30  INFO      run_day4  |  
2026-05-23 22:42:30  INFO      run_day4  |    KEY OUTPUTS FOR PAPER:
2026-05-23 22:42:30  INFO      run_day4  |    Figure 4: results/markov_standalone/markov_transition_heatmap_pure_markov.png
2026-05-23 22:42:30  INFO      run_day4  |    Table 1 rows 3-5: results/markov_standalone/ablation_rows_3_5.csv
2026-05-23 22:42:30  INFO      run_day4  |  
2026-05-23 22:42:30  INFO      run_day4  |    Next: python run_day5.py  (Combined TwinMesh + MDP)
2026-05-23 22:42:30  INFO      run_day4  |  ============================================================
